smaller(f,a)
leftof(a,x)
larger(f,e)
likes(e,f)
leftof(d,x)
adjoins(c,b)
samecol(d,x)
leftof(c,x)
rightof(x,f)
backof(y,c)
samesize(c,c)
frontof(d,y)
likes(a,c)
sameshape(f,d)
medium(d)
samecol(c,x)
larger(x,d)
samerow(c,e)
larger(y,x)
samecol(z,d)
backof(f,z)
sameshape(a,b)
rightof(e,y)
larger(z,d)
leftof(x,y)
larger(d,f)
frontof(e,e)
larger(a,z)
backof(z,x)
samecol(y,x)
frontof(y,e)
happy(x)
backof(c,e)
smaller(e,f)
frontof(f,y)
samerow(z,y)
frontof(z,f)
sameshape(c,d)
happy(c)
sameshape(d,z)
adjoins(e,a)
frontof(a,x)
leftof(y,y)
frontof(b,z)
backof(f,a)
adjoins(f,a)
sameshape(f,c)
rightof(c,a)
leftof(c,a)
smaller(c,f)
backof(e,a)
rightof(f,b)
leftof(b,e)
adjoins(e,y)
frontof(x,y)
samerow(a,x)
likes(f,a)
smaller(y,y)
adjoins(e,e)
smaller(x,c)
likes(f,d)
larger(c,d)
frontof(e,b)
sameshape(y,x)
rightof(c,x)
large(z)
frontof(f,a)
backof(b,c)
smaller(a,x)
backof(a,d)
large(b)
adjoins(c,d)
likes(c,z)
adjoins(c,e)
samerow(f,a)
adjoins(z,z)
frontof(b,e)
samesize(a,x)
rightof(b,c)
dodec(d)
samerow(e,e)
backof(a,b)
samecol(c,e)
samesize(b,a)
backof(b,a)
likes(a,z)
samesize(y,d)
large(e)
backof(z,z)
larger(b,b)
adjoins(y,x)
samecol(x,c)
samecol(y,c)
leftof(x,b)
likes(x,a)
smaller(e,y)
adjoins(x,e)
larger(a,c)
samesize(b,z)
leftof(b,b)
adjoins(d,d)
rightof(c,f)
samerow(x,d)
larger(x,x)
rightof(a,y)
leftof(f,e)
likes(c,e)
smaller(z,f)
sameshape(x,x)
adjoins(f,z)
sameshape(f,z)
adjoins(d,c)
backof(x,y)
samerow(z,b)
small(a)
samerow(b,y)
frontof(x,d)
smaller(e,a)
samerow(f,b)
adjoins(z,d)
samesize(f,d)
likes(x,c)
adjoins(z,c)
smaller(a,e)
likes(c,d)
leftof(e,x)
smaller(x,x)
samecol(e,x)
leftof(a,b)
larger(a,a)
frontof(c,z)
samesize(x,b)
frontof(f,z)
tet(z)
sameshape(y,c)
rightof(y,f)
samerow(y,d)
rightof(x,c)
samesize(a,c)
samecol(y,a)
rightof(b,x)
backof(y,y)
leftof(d,d)
smaller(c,a)
smaller(b,x)
smaller(z,c)
frontof(c,e)
adjoins(a,b)
samerow(a,y)
samesize(f,y)
leftof(d,c)
larger(e,e)
samecol(a,d)
sameshape(b,c)
leftof(a,y)
frontof(z,z)
smaller(z,z)
backof(c,a)
rightof(e,d)
samerow(b,b)
backof(f,e)
adjoins(b,e)
backof(y,f)
rightof(x,e)
frontof(b,d)
frontof(d,z)
adjoins(f,e)
larger(x,c)
rightof(f,f)
samecol(y,z)
rightof(d,b)
likes(z,a)
adjoins(z,x)
backof(e,e)
leftof(b,y)
sameshape(x,c)
frontof(a,b)
samerow(x,x)
frontof(z,c)
smaller(e,e)
rightof(z,c)
sameshape(c,y)
larger(d,c)
sameshape(d,y)
samesize(e,x)
smaller(y,d)
adjoins(e,z)
sameshape(y,d)
leftof(e,c)
smaller(f,b)
samerow(y,c)
rightof(c,b)
leftof(z,y)
smaller(x,a)
leftof(b,f)
backof(z,f)
frontof(x,z)
smaller(d,e)
adjoins(x,a)
likes(f,b)
samesize(z,b)
samerow(b,f)
adjoins(z,f)
tet(c)
adjoins(c,x)
samesize(y,a)
likes(z,x)
frontof(f,f)
samecol(b,y)
samecol(e,d)
larger(b,z)
samerow(d,c)
adjoins(y,a)
sameshape(d,f)
larger(e,x)
sameshape(z,b)
rightof(y,a)
samecol(f,d)
samesize(y,x)
frontof(x,f)
leftof(x,f)
samecol(y,b)
samecol(f,c)
larger(d,z)
adjoins(y,d)
larger(z,c)
samecol(x,y)
adjoins(b,z)
samesize(x,f)
frontof(b,b)
likes(c,a)
samerow(a,b)
samerow(e,x)
leftof(c,b)
samecol(d,f)
backof(a,e)
larger(e,a)
rightof(b,f)
leftof(f,a)
frontof(d,c)
backof(b,f)
sameshape(a,z)
rightof(a,e)
likes(a,y)
samesize(d,x)
likes(b,c)
leftof(f,x)
adjoins(b,x)
likes(f,e)
samerow(z,a)
samerow(e,a)
samesize(b,e)
samecol(f,x)
samesize(e,c)
backof(a,x)
samerow(b,a)
likes(d,d)
samesize(z,y)
samerow(f,f)
larger(f,b)
adjoins(y,f)
backof(e,y)
likes(e,c)
rightof(f,z)
samerow(a,e)
smaller(d,x)
small(d)
frontof(x,a)
samesize(d,c)
large(a)
cube(c)
sameshape(e,d)
smaller(c,x)
samerow(f,x)
adjoins(c,f)
tet(x)
adjoins(a,e)
samerow(y,x)
samesize(x,x)
sameshape(b,z)
samesize(e,d)
smaller(y,x)
likes(y,x)
samesize(x,a)
frontof(c,y)
large(x)
adjoins(f,d)
leftof(f,f)
sameshape(b,a)
leftof(y,c)
leftof(d,y)
samecol(b,d)
backof(d,d)
cube(z)
samecol(d,y)
backof(c,z)
backof(a,z)
backof(y,x)
smaller(a,c)
larger(z,a)
frontof(y,c)
likes(a,b)
rightof(d,f)
samecol(x,d)
sameshape(a,c)
rightof(e,z)
happy(a)
frontof(y,d)
likes(x,e)
samecol(a,c)
leftof(x,z)
rightof(y,x)
backof(z,d)
samerow(z,z)
likes(y,f)
backof(f,b)
rightof(e,a)
samecol(e,a)
frontof(e,z)
larger(y,a)
larger(c,c)
sameshape(c,e)
samerow(c,a)
adjoins(f,b)
sameshape(f,b)
larger(f,f)
larger(z,b)
rightof(f,a)
small(y)
sameshape(a,d)
leftof(b,z)
sameshape(x,f)
smaller(c,e)
samerow(f,y)
samesize(z,f)
samecol(b,z)
adjoins(x,f)
rightof(c,y)
frontof(a,f)
sameshape(c,z)
frontof(f,x)
smaller(y,c)
frontof(e,a)
leftof(e,f)
samecol(z,x)
samecol(z,c)
frontof(f,b)
frontof(y,z)
smaller(f,f)
backof(b,b)
larger(c,y)
samecol(c,y)
tet(f)
larger(a,f)
sameshape(e,x)
adjoins(x,b)
smaller(c,y)
samesize(a,y)
samecol(c,d)
larger(e,b)
rightof(b,b)
leftof(y,z)
leftof(c,f)
larger(d,y)
frontof(b,f)
backof(a,a)
rightof(a,a)
adjoins(c,c)
samerow(e,d)
samecol(d,b)
sameshape(a,a)
large(d)
samesize(y,e)
larger(z,x)
sameshape(z,e)
samerow(z,e)
backof(x,a)
backof(c,y)
samesize(b,y)
leftof(x,c)
samecol(a,z)
larger(a,d)
samerow(x,e)
leftof(b,c)
leftof(z,z)
adjoins(e,b)
samecol(c,c)
leftof(f,b)
sameshape(f,y)
frontof(d,d)
rightof(d,z)
likes(z,e)
rightof(a,z)
frontof(x,e)
larger(z,e)
backof(x,f)
samerow(b,z)
likes(b,d)
samerow(z,d)
adjoins(z,e)
samesize(f,c)
backof(x,e)
sameshape(d,a)
likes(d,a)
smaller(a,d)
frontof(e,y)
samerow(x,b)
samesize(x,e)
adjoins(a,z)
rightof(z,b)
adjoins(y,c)
backof(f,f)
sameshape(c,a)
leftof(a,z)
samerow(b,c)
samesize(d,f)
samesize(a,d)
leftof(a,c)
sameshape(e,a)
frontof(z,e)
likes(z,z)
leftof(d,e)
backof(d,x)
larger(f,c)
larger(d,b)
samerow(x,y)
adjoins(c,y)
cube(f)
samesize(c,d)
samecol(a,a)
backof(y,a)
frontof(c,d)
rightof(x,y)
sameshape(z,z)
larger(e,f)
samecol(d,a)
adjoins(a,a)
likes(e,d)
adjoins(b,b)
rightof(e,e)
happy(y)
larger(y,d)
backof(y,z)
leftof(c,z)
larger(d,e)
backof(d,a)
backof(y,e)
rightof(x,d)
sameshape(f,f)
medium(z)
samecol(c,z)
likes(a,a)
rightof(d,e)
samerow(c,c)
sameshape(d,b)
samecol(x,a)
adjoins(f,f)
rightof(c,z)
sameshape(x,b)
leftof(z,a)
likes(c,b)
larger(c,f)
rightof(f,e)
frontof(z,d)
medium(c)
smaller(b,y)
smaller(e,d)
happy(b)
likes(y,e)
sameshape(d,x)
samesize(e,y)
sameshape(y,e)
samerow(a,z)
frontof(a,z)
sameshape(c,f)
samerow(x,a)
smaller(f,c)
samecol(b,a)
samerow(y,b)
leftof(e,b)
adjoins(d,f)
samesize(f,x)
rightof(c,c)
samerow(c,z)
likes(x,d)
backof(e,c)
smaller(d,f)
sameshape(x,e)
likes(f,c)
samesize(z,a)
tet(b)
samesize(y,b)
leftof(a,f)
smaller(x,z)
frontof(e,d)
likes(z,y)
adjoins(e,x)
leftof(e,e)
larger(b,y)
larger(e,y)
likes(z,b)
smaller(f,x)
smaller(e,c)
larger(c,b)
samesize(y,y)
samecol(y,f)
backof(z,c)
samecol(x,z)
sameshape(z,a)
samesize(c,x)
samesize(z,x)
sameshape(z,f)
leftof(a,a)
rightof(b,e)
dodec(z)
frontof(b,c)
rightof(z,x)
rightof(a,f)
likes(a,x)
larger(c,z)
likes(x,y)
smaller(z,d)
samesize(b,c)
backof(x,b)
samesize(f,f)
adjoins(y,z)
dodec(c)
backof(x,z)
leftof(f,y)
samecol(f,y)
samesize(b,d)
sameshape(d,e)
samecol(a,y)
rightof(z,d)
larger(f,d)
samerow(x,f)
likes(d,e)
frontof(x,b)
likes(b,x)
rightof(y,e)
likes(f,x)
samerow(a,c)
samerow(a,d)
larger(z,z)
rightof(f,y)
rightof(d,y)
backof(b,x)
smaller(b,d)
samesize(d,b)
smaller(d,y)
backof(e,x)
adjoins(f,x)
likes(b,y)
samerow(d,f)
sameshape(e,e)
cube(b)
likes(e,x)
smaller(x,d)
frontof(c,c)
leftof(d,a)
adjoins(d,a)
adjoins(z,a)
backof(f,c)
samesize(e,e)
larger(b,f)
sameshape(b,b)
larger(f,x)
frontof(c,x)
samerow(d,y)
samecol(b,e)
likes(c,f)
samerow(y,f)
cube(y)
samesize(a,a)
leftof(d,z)
rightof(b,z)
leftof(y,b)
larger(d,a)
backof(d,e)
backof(a,y)
samesize(c,a)
frontof(y,b)
samecol(d,z)
medium(f)
samecol(x,e)
sameshape(y,y)
larger(y,z)
smaller(b,z)
frontof(z,a)
larger(x,f)
sameshape(b,e)
adjoins(a,d)
likes(y,b)
smaller(x,y)
happy(z)
backof(z,e)
rightof(y,y)
samecol(a,b)
adjoins(b,y)
likes(e,y)
smaller(d,a)
backof(b,z)
rightof(e,b)
frontof(z,x)
likes(y,a)
sameshape(y,a)
sameshape(c,b)
samesize(d,e)
likes(a,d)
sameshape(f,a)
adjoins(d,x)
medium(y)
samecol(z,f)
adjoins(f,c)
larger(x,a)
sameshape(a,e)
small(x)
smaller(c,d)
smaller(e,z)
leftof(z,b)
sameshape(x,a)
samecol(z,b)
smaller(d,b)
likes(d,y)
samerow(x,z)
leftof(z,e)
samecol(z,e)
sameshape(y,z)
frontof(a,e)
frontof(f,c)
samerow(d,x)
smaller(f,d)
smaller(a,z)
samecol(b,b)
leftof(e,a)
samecol(e,c)
backof(d,b)
frontof(y,y)
adjoins(d,b)
tet(e)
sameshape(e,y)
smaller(c,c)
samerow(f,c)
samesize(a,z)
smaller(y,a)
larger(d,x)
leftof(a,e)
leftof(c,e)
samerow(e,c)
leftof(f,z)
rightof(b,a)
likes(e,b)
larger(e,z)
rightof(z,f)
samesize(z,e)
samerow(f,z)
samerow(d,e)
backof(c,x)
samesize(y,f)
adjoins(e,c)
samecol(y,e)
larger(b,x)
larger(a,e)
leftof(x,d)
samerow(z,f)
rightof(z,z)
rightof(c,d)
samecol(f,e)
samesize(b,x)
rightof(y,b)
backof(b,e)
samerow(e,z)
dodec(y)
samecol(c,b)
adjoins(a,y)
sameshape(a,x)
samecol(d,d)
frontof(b,x)
sameshape(x,z)
frontof(d,e)
likes(x,f)
sameshape(f,x)
likes(b,e)
small(c)
adjoins(y,b)
samecol(f,z)
samesize(f,b)
rightof(a,b)
samesize(e,a)
likes(d,b)
samerow(x,c)
adjoins(e,d)
samerow(c,x)
leftof(e,z)
samecol(e,z)
samesize(x,d)
samerow(f,d)
larger(z,f)
samesize(d,a)
samerow(b,d)
likes(e,a)
happy(e)
frontof(x,c)
rightof(e,f)
sameshape(e,b)
samesize(a,e)
smaller(c,z)
leftof(d,f)
samerow(y,z)
leftof(y,f)
cube(e)
samesize(c,e)
frontof(y,f)
backof(d,y)
backof(f,x)
adjoins(x,x)
frontof(a,a)
larger(b,a)
samecol(a,f)
samerow(d,z)
smaller(z,x)
sameshape(z,y)
likes(c,c)
rightof(x,a)
backof(c,c)
smaller(y,b)
larger(c,a)
backof(e,d)
smaller(b,a)
larger(y,e)
likes(z,f)
larger(d,d)
leftof(y,a)
rightof(z,e)
leftof(c,y)
backof(d,f)
backof(y,d)
samesize(c,b)
larger(a,x)
frontof(b,y)
backof(y,b)
medium(e)
rightof(d,d)
samecol(x,b)
sameshape(f,e)
larger(x,e)
frontof(d,x)
rightof(f,d)
backof(f,y)
samerow(c,b)
rightof(e,x)
leftof(z,f)
larger(a,y)
leftof(x,x)
smaller(z,a)
medium(b)
likes(y,d)
samerow(z,x)
sameshape(y,f)
frontof(a,y)
smaller(y,f)
samecol(b,f)
samerow(y,a)
samecol(z,y)
samesize(e,z)
samecol(f,a)
samerow(e,f)
leftof(b,d)
backof(e,b)
frontof(x,x)
sameshape(x,d)
rightof(f,c)
likes(c,x)
larger(f,y)
adjoins(d,e)
tet(a)
larger(y,y)
likes(z,c)
samerow(c,d)
frontof(e,c)
smaller(f,y)
leftof(e,d)
samecol(e,f)
smaller(a,y)
rightof(z,a)
samerow(d,a)
samesize(y,z)
large(c)
likes(e,z)
sameshape(b,x)
adjoins(x,c)
adjoins(c,z)
likes(f,y)
adjoins(x,d)
leftof(y,x)
samecol(c,f)
samesize(c,y)
leftof(y,d)
dodec(e)
adjoins(b,f)
rightof(b,d)
backof(a,c)
frontof(d,a)
sameshape(b,f)
samesize(f,e)
backof(x,c)
samesize(b,b)
rightof(x,b)
likes(f,z)
dodec(b)
samesize(y,c)
adjoins(x,z)
sameshape(d,d)
leftof(x,a)
samerow(z,c)
samecol(a,x)
adjoins(y,y)
samecol(f,f)
backof(c,d)
likes(d,f)
adjoins(z,y)
likes(z,d)
larger(f,z)
smaller(b,e)
rightof(a,x)
larger(x,y)
likes(y,z)
larger(z,y)
backof(b,y)
rightof(d,x)
backof(e,z)
backof(x,x)
larger(a,b)
sameshape(x,y)
rightof(f,x)
frontof(d,f)
adjoins(f,y)
likes(e,e)
small(f)
dodec(f)
likes(b,f)
samerow(b,x)
smaller(d,z)
smaller(x,e)
likes(y,y)
sameshape(e,f)
samesize(d,z)
samesize(e,f)
smaller(b,c)
likes(b,a)
likes(x,x)
smaller(a,b)
leftof(e,y)
adjoins(z,b)
larger(b,e)
samecol(e,y)
samesize(x,c)
likes(d,x)
rightof(x,x)
rightof(z,y)
leftof(f,d)
larger(b,d)
larger(e,c)
frontof(e,x)
samesize(a,b)
cube(x)
sameshape(y,b)
larger(b,c)
leftof(y,e)
samerow(y,e)
samesize(c,f)
backof(d,z)
frontof(y,a)
rightof(b,y)
frontof(z,b)
medium(a)
smaller(z,b)
adjoins(d,z)
frontof(f,d)
leftof(d,b)
adjoins(a,c)
frontof(c,b)
samesize(x,z)
smaller(z,e)
samecol(a,e)
larger(e,d)
smaller(x,f)
cube(a)
sameshape(b,d)
backof(c,f)
larger(y,b)
smaller(b,b)
frontof(z,y)
rightof(y,z)
sameshape(c,c)
smaller(e,x)
rightof(e,c)
adjoins(b,a)
backof(f,d)
samesize(d,d)
frontof(y,x)
sameshape(e,c)
medium(x)
sameshape(a,f)
rightof(d,c)
adjoins(d,y)
leftof(z,c)
likes(a,e)
leftof(b,x)
backof(e,f)
smaller(d,c)
samecol(b,x)
frontof(a,c)
frontof(e,f)
smaller(f,z)
samerow(c,f)
smaller(e,b)
likes(b,b)
likes(d,z)
samecol(x,f)
frontof(a,d)
happy(f)
sameshape(c,x)
frontof(c,a)
samecol(e,b)
smaller(y,e)
samerow(a,a)
samecol(z,z)
samecol(b,c)
samerow(d,d)
backof(d,c)
happy(d)
adjoins(y,e)
smaller(f,e)
sameshape(e,z)
leftof(b,a)
rightof(c,e)
sameshape(z,d)
smaller(c,b)
adjoins(b,d)
smaller(d,d)
rightof(d,a)
samesize(z,c)
leftof(a,d)
likes(y,c)
rightof(x,z)
samecol(z,a)
samerow(e,b)
larger(x,b)
dodec(a)
tet(d)
leftof(c,d)
samesize(z,d)
larger(y,c)
samecol(e,e)
frontof(f,e)
large(f)
samerow(d,b)
backof(z,y)
smaller(x,b)
samerow(c,y)
samecol(y,d)
sameshape(z,c)
leftof(x,e)
likes(x,z)
larger(c,x)
rightof(y,c)
samecol(f,b)
samesize(f,z)
leftof(z,x)
samecol(x,x)
samecol(d,c)
adjoins(a,x)
frontof(b,a)
samecol(c,a)
samesize(c,z)
dodec(x)
adjoins(c,a)
sameshape(a,y)
backof(a,f)
leftof(c,c)
samecol(d,e)
samerow(e,y)
frontof(d,b)
adjoins(b,c)
backof(x,d)
rightof(a,d)
samesize(d,y)
small(b)
leftof(f,c)
rightof(a,c)
sameshape(d,c)
samesize(b,f)
adjoins(e,f)
backof(z,a)
rightof(y,d)
samesize(f,a)
smaller(a,f)
likes(d,c)
smaller(b,f)
samesize(e,b)
likes(f,f)
likes(a,f)
samerow(f,e)
samesize(z,z)
larger(y,f)
leftof(z,d)
samerow(b,e)
larger(x,z)
likes(b,z)
likes(x,b)
small(e)
samecol(y,y)
samerow(y,y)
samesize(a,f)
cube(d)
adjoins(x,y)
samesize(x,y)
tet(y)
adjoins(a,f)
smaller(a,a)
likes(c,y)
frontof(c,f)
larger(c,e)
backof(b,d)
larger(f,a)
sameshape(b,y)
sameshape(z,x)
large(y)
backof(z,b)
small(z)
samerow(a,f)
smaller(z,y)
smaller(y,z)
backof(c,b)
